<?xml version="1.0" encoding="UTF-8"?>
<!-- Generated by org.testng.reporters.JUnitReportReporter -->
<testsuite hostname="ip-172-31-16-131" failures="0" tests="1" name="restAPI.PostWithHasemap" time="1.598" errors="0" timestamp="03 Feb 2024 15:25:13 GMT" skipped="0">
  <testcase classname="restAPI.PostWithHasemap" name="Test1" time="1.598"/>
</testsuite> <!-- restAPI.PostWithHasemap -->
