<?xml version="1.0" encoding="UTF-8"?>
<!-- Generated by org.testng.reporters.JUnitReportReporter -->
<testsuite hostname="ip-172-31-16-131" failures="0" tests="1" name="oauth.GetStudent" time="1.570" errors="0" timestamp="10 Feb 2024 16:04:48 GMT" skipped="0">
  <testcase classname="oauth.GetStudent" name="test1" time="1.570"/>
</testsuite> <!-- oauth.GetStudent -->
