<?xml version="1.0" encoding="UTF-8"?>
<!-- Generated by org.testng.reporters.JUnitReportReporter -->
<testsuite hostname="ip-172-31-16-131" failures="0" tests="6" name="restAPIBDD.APIOperationsTest" time="2.396" errors="0" timestamp="04 Feb 2024 17:22:14 GMT" skipped="0">
  <testcase classname="restAPIBDD.APIOperationsTest" name="GetOperation" time="1.180"/>
  <testcase classname="restAPIBDD.APIOperationsTest" name="GetOperationWithPara" time="0.543"/>
  <testcase classname="restAPIBDD.APIOperationsTest" name="GetOperationWithQueryPara" time="0.401"/>
  <testcase classname="restAPIBDD.APIOperationsTest" name="PostOperationWithhashmap" time="0.210"/>
  <testcase classname="restAPIBDD.APIOperationsTest" name="PutOperationWithhashmap" time="0.034"/>
  <testcase classname="restAPIBDD.APIOperationsTest" name="XDeleteOperation" time="0.028"/>
</testsuite> <!-- restAPIBDD.APIOperationsTest -->
