<?xml version="1.0" encoding="UTF-8"?>
<!-- Generated by org.testng.reporters.JUnitReportReporter -->
<testsuite hostname="ip-172-31-16-131" failures="0" tests="1" name="gitHub.DeleteRepo" time="1.461" errors="0" timestamp="04 Feb 2024 14:45:52 GMT" skipped="0">
  <testcase classname="gitHub.DeleteRepo" name="test1" time="1.461"/>
</testsuite> <!-- gitHub.DeleteRepo -->
