<?xml version="1.0" encoding="UTF-8"?>
<!-- Generated by org.testng.reporters.JUnitReportReporter -->
<testsuite hostname="ip-172-31-16-131" failures="0" tests="1" name="gitHub.GetAllRepo" time="3.216" errors="0" timestamp="03 Feb 2024 17:33:27 GMT" skipped="0">
  <testcase classname="gitHub.GetAllRepo" name="test1" time="3.216"/>
</testsuite> <!-- gitHub.GetAllRepo -->
