<?xml version="1.0" encoding="UTF-8"?>
<!-- Generated by org.testng.reporters.JUnitReportReporter -->
<testsuite hostname="ip-172-31-16-131" failures="0" tests="1" name="restAPI.DeleteRequest" time="3.235" errors="0" timestamp="03 Feb 2024 16:39:21 GMT" skipped="0">
  <testcase classname="restAPI.DeleteRequest" name="test1" time="3.235"/>
</testsuite> <!-- restAPI.DeleteRequest -->
