<?xml version="1.0" encoding="UTF-8"?>
<!-- Generated by org.testng.reporters.JUnitReportReporter -->
<testsuite hostname="ip-172-31-16-131" failures="0" tests="1" name="restAPI.PostWithJson" time="1.385" errors="0" timestamp="03 Feb 2024 15:43:49 GMT" skipped="0">
  <testcase classname="restAPI.PostWithJson" name="test1" time="1.385"/>
</testsuite> <!-- restAPI.PostWithJson -->
