<?xml version="1.0" encoding="UTF-8"?>
<!-- Generated by org.testng.reporters.JUnitReportReporter -->
<testsuite hostname="ip-172-31-16-131" failures="0" tests="1" name="restAPIXML.XMLTest" time="5.241" errors="0" timestamp="03 Feb 2024 17:23:44 GMT" skipped="0">
  <testcase classname="restAPIXML.XMLTest" name="test1" time="5.241"/>
</testsuite> <!-- restAPIXML.XMLTest -->
