<?xml version="1.0" encoding="UTF-8"?>
<!-- Generated by org.testng.reporters.JUnitReportReporter -->
<testsuite hostname="ip-172-31-16-131" failures="0" tests="6" name="restAPIBDD.APIOperationsTest" time="2.534" errors="0" timestamp="04 Feb 2024 17:27:01 GMT" skipped="0">
  <testcase classname="restAPIBDD.APIOperationsTest" name="GetOperationWithPara" time="0.458"/>
  <testcase classname="restAPIBDD.APIOperationsTest" name="GetOperation" time="1.332"/>
  <testcase classname="restAPIBDD.APIOperationsTest" name="XDeleteOperation" time="0.022"/>
  <testcase classname="restAPIBDD.APIOperationsTest" name="PutOperationWithhashmap" time="0.042"/>
  <testcase classname="restAPIBDD.APIOperationsTest" name="GetOperationWithQueryPara" time="0.385"/>
  <testcase classname="restAPIBDD.APIOperationsTest" name="PostOperationWithhashmap" time="0.295"/>
</testsuite> <!-- restAPIBDD.APIOperationsTest -->
